{
  "RSpec": {
    "coverage": {
      "/Users/Velazquez/Projects/Crowdint/kardex-crowdint-com/lib/bamboohr/sync.rb": [
        1,
        1,
        1,
        1,
        1,
        1,
        null,
        null,
        null,
        1,
        1,
        1,
        1,
        1,
        1,
        1,
        1,
        1,
        1,
        1,
        null,
        null,
        1,
        null,
        null,
        null,
        1,
        1,
        null,
        null,
        1,
        4,
        1,
        1,
        1,
        null,
        4,
        null,
        null,
        1,
        1,
        null,
        null,
        null
      ],
      "/Users/Velazquez/Projects/Crowdint/kardex-crowdint-com/spec/models/achievable_spec.rb": [
        1,
        null,
        1,
        1,
        null
      ],
      "/Users/Velazquez/Projects/Crowdint/kardex-crowdint-com/app/models/achievable.rb": [
        1,
        1,
        null,
        1,
        null,
        1,
        null
      ],
      "/Users/Velazquez/Projects/Crowdint/kardex-crowdint-com/app/uploaders/image_uploader.rb": [
        null,
        null,
        1,
        null,
        null,
        null,
        1,
        null,
        null,
        null,
        null,
        null,
        1,
        0,
        null,
        null,
        null,
        null,
        null,
        null,
        null,
        null,
        null,
        null,
        null,
        null,
        null,
        null,
        null,
        null,
        null,
        null,
        null,
        null,
        null,
        null,
        null,
        null,
        null,
        null,
        null,
        null,
        null,
        null,
        null,
        null,
        null,
        null,
        1,
        1,
        null,
        null,
        1,
        1,
        null,
        null,
        null
      ],
      "/Users/Velazquez/Projects/Crowdint/kardex-crowdint-com/spec/models/user_spec.rb": [
        1,
        null,
        1,
        1,
        null
      ]
    },
    "timestamp": 1401140066
  }
}
